<?xml version="1.0" encoding="UTF-8"?>
<testsuite xmlns:xsi="http://www.w3.org/2001/XMLSchema-instance" xsi:noNamespaceSchemaLocation="https://maven.apache.org/surefire/maven-surefire-plugin/xsd/surefire-test-report-3.0.xsd" version="3.0" name="com.apisentinel.auth.AuthControllerIntegrationTest" time="23.967" tests="1" errors="0" skipped="0" failures="0">
  <properties>
[...]
</properties>
  <testcase name="testRegisterAndLoginWorkflow" classname="com.apisentinel.auth.AuthControllerIntegrationTest" time="0.913">
    <system-out><![CDATA[10:33:14.296 [main] INFO org.springframework.test.context.support.AnnotationConfigContextLoaderUtils -- Could not detect default configuration classes for test class [com.apisentinel.auth.AuthControllerIntegrationTest]: AuthControllerIntegrationTest does not declare any static, non-private, non-final, nested classes annotated with @Configuration.
10:33:14.621 [main] INFO org.springframework.boot.test.context.SpringBootTestContextBootstrapper -- Found @SpringBootConfiguration com.apisentinel.ApiSentinelApplication for test class com.apisentinel.auth.AuthControllerIntegrationTest

  .   ____          _            __ _ _
 /\\ / ___'_ __ _ _(_)_ __  __ _ \ \ \ \
( ( )\___ | '_ | '_| | '_ \/ _` | \ \ \ \
 \\/  ___)| |_)| | | | | || (_| |  ) ) ) )
  '  |____| .__|_| |_|_| |_\__, | / / / /
 =========|_|==============|___/=/_/_/_/

 :: Spring Boot ::                (v3.3.2)

2026-09-15T10:33:15.741+05:30  INFO 24604 --- [api-sentinel-backend] [           main] c.a.auth.AuthControllerIntegrationTest   : Starting AuthControllerIntegrationTest using Java 21.0.7 with PID 24604 (started by dell_ in C:\Users\dell_\OneDrive\Desktop\java\api-sentinel\backend)
2026-09-15T10:33:15.744+05:30 DEBUG 24604 --- [api-sentinel-backend] [           main] c.a.auth.AuthControllerIntegrationTest   : Running with Spring Boot v3.3.2, Spring v6.1.11
2026-09-15T10:33:15.746+05:30  INFO 24604 --- [api-sentinel-backend] [           main] c.a.auth.AuthControllerIntegrationTest   : The following 1 profile is active: "test"
2026-09-15T10:33:19.149+05:30  INFO 24604 --- [api-sentinel-backend] [           main] .s.d.r.c.RepositoryConfigurationDelegate : Multiple Spring Data modules found, entering strict repository configuration mode
2026-09-15T10:33:19.156+05:30  INFO 24604 --- [api-sentinel-backend] [           main] .s.d.r.c.RepositoryConfigurationDelegate : Bootstrapping Spring Data JPA repositories in DEFAULT mode.
2026-09-15T10:33:19.586+05:30  INFO 24604 --- [api-sentinel-backend] [           main] .s.d.r.c.RepositoryConfigurationDelegate : Finished Spring Data repository scanning in 404 ms. Found 9 JPA repository interfaces.
2026-09-15T10:33:21.929+05:30  INFO 24604 --- [api-sentinel-backend] [           main] com.zaxxer.hikari.HikariDataSource       : HikariPool-1 - Starting...
2026-09-15T10:33:22.464+05:30  INFO 24604 --- [api-sentinel-backend] [           main] com.zaxxer.hikari.pool.HikariPool        : HikariPool-1 - Added connection conn0: url=jdbc:h2:mem:apisentinel_test user=SA
2026-09-15T10:33:22.474+05:30  INFO 24604 --- [api-sentinel-backend] [           main] com.zaxxer.hikari.HikariDataSource       : HikariPool-1 - Start completed.
2026-09-15T10:33:22.620+05:30  INFO 24604 --- [api-sentinel-backend] [           main] org.flywaydb.core.FlywayExecutor         : Database: jdbc:h2:mem:apisentinel_test (H2 2.2)
2026-09-15T10:33:22.636+05:30  WARN 24604 --- [api-sentinel-backend] [           main] o.f.c.internal.database.base.Database    : Flyway upgrade recommended: H2 2.2.224 is newer than this version of Flyway and support has not been tested. The latest supported version of H2 is 2.2.220.
2026-09-15T10:33:22.673+05:30  INFO 24604 --- [api-sentinel-backend] [           main] o.f.c.i.s.JdbcTableSchemaHistory         : Schema history table "public"."flyway_schema_history" does not exist yet
2026-09-15T10:33:22.677+05:30  INFO 24604 --- [api-sentinel-backend] [           main] o.f.core.internal.command.DbValidate     : Successfully validated 1 migration (execution time 00:00.023s)
2026-09-15T10:33:22.692+05:30  INFO 24604 --- [api-sentinel-backend] [           main] o.f.c.i.s.JdbcTableSchemaHistory         : Creating Schema History table "public"."flyway_schema_history" ...
2026-09-15T10:33:22.754+05:30  INFO 24604 --- [api-sentinel-backend] [           main] o.f.core.internal.command.DbMigrate      : Current version of schema "public": << Empty Schema >>
2026-09-15T10:33:22.782+05:30  INFO 24604 --- [api-sentinel-backend] [           main] o.f.core.internal.command.DbMigrate      : Migrating schema "public" to version "1 - initial schema"
2026-09-15T10:33:22.884+05:30  INFO 24604 --- [api-sentinel-backend] [           main] o.f.core.internal.command.DbMigrate      : Successfully applied 1 migration to schema "public", now at version v1 (execution time 00:00.040s)
2026-09-15T10:33:23.340+05:30  INFO 24604 --- [api-sentinel-backend] [           main] o.hibernate.jpa.internal.util.LogHelper  : HHH000204: Processing PersistenceUnitInfo [name: default]
2026-09-15T10:33:23.664+05:30  INFO 24604 --- [api-sentinel-backend] [           main] org.hibernate.Version                    : HHH000412: Hibernate ORM core version 6.5.2.Final
2026-09-15T10:33:23.773+05:30  INFO 24604 --- [api-sentinel-backend] [           main] o.h.c.internal.RegionFactoryInitiator    : HHH000026: Second-level cache disabled
2026-09-15T10:33:24.231+05:30  INFO 24604 --- [api-sentinel-backend] [           main] o.s.o.j.p.SpringPersistenceUnitInfo      : No LoadTimeWeaver setup: ignoring JPA class transformer
2026-09-15T10:33:24.369+05:30  WARN 24604 --- [api-sentinel-backend] [           main] org.hibernate.orm.deprecation            : HHH90000025: H2Dialect does not need to be specified explicitly using 'hibernate.dialect' (remove the property setting and it will be selected by default)
2026-09-15T10:33:26.831+05:30  INFO 24604 --- [api-sentinel-backend] [           main] o.h.e.t.j.p.i.JtaPlatformInitiator       : HHH000489: No JTA platform available (set 'hibernate.transaction.jta.platform' to enable JTA platform integration)
2026-09-15T10:33:26.834+05:30  INFO 24604 --- [api-sentinel-backend] [           main] j.LocalContainerEntityManagerFactoryBean : Initialized JPA EntityManagerFactory for persistence unit 'default'
2026-09-15T10:33:28.185+05:30  INFO 24604 --- [api-sentinel-backend] [           main] o.s.d.j.r.query.QueryEnhancerFactory     : Hibernate is in classpath; If applicable, HQL parser will be used.
2026-09-15T10:33:32.098+05:30  WARN 24604 --- [api-sentinel-backend] [           main] JpaBaseConfiguration$JpaWebConfiguration : spring.jpa.open-in-view is enabled by default. Therefore, database queries may be performed during view rendering. Explicitly configure spring.jpa.open-in-view to disable this warning
2026-09-15T10:33:32.248+05:30  WARN 24604 --- [api-sentinel-backend] [           main] .s.s.UserDetailsServiceAutoConfiguration : 

Using generated security password: b6e3faf5-5b99-4ab8-80cf-879c8384aee5

This generated password is for development use only. Your security configuration must be updated before running your application in production.

2026-09-15T10:33:32.259+05:30  INFO 24604 --- [api-sentinel-backend] [           main] r$InitializeUserDetailsManagerConfigurer : Global AuthenticationManager configured with UserDetailsService bean with name inMemoryUserDetailsManager
2026-09-15T10:33:33.333+05:30  INFO 24604 --- [api-sentinel-backend] [           main] o.s.b.a.e.web.EndpointLinksResolver      : Exposing 3 endpoints beneath base path '/actuator'
2026-09-15T10:33:36.350+05:30 DEBUG 24604 --- [api-sentinel-backend] [           main] c.a.auth.JwtAuthenticationFilter         : Filter 'jwtAuthenticationFilter' configured for use
2026-09-15T10:33:36.351+05:30  INFO 24604 --- [api-sentinel-backend] [           main] o.s.b.t.m.w.SpringBootMockServletContext : Initializing Spring TestDispatcherServlet ''
2026-09-15T10:33:36.352+05:30  INFO 24604 --- [api-sentinel-backend] [           main] o.s.t.web.servlet.TestDispatcherServlet  : Initializing Servlet ''
2026-09-15T10:33:36.354+05:30  INFO 24604 --- [api-sentinel-backend] [           main] o.s.t.web.servlet.TestDispatcherServlet  : Completed initialization in 2 ms
2026-09-15T10:33:36.521+05:30  INFO 24604 --- [api-sentinel-backend] [           main] c.a.auth.AuthControllerIntegrationTest   : Started AuthControllerIntegrationTest in 21.564 seconds (process running for 27.607)
2026-09-15T10:33:36.817+05:30  INFO 24604 --- [api-sentinel-backend] [           main] com.apisentinel.config.DataInitializer   : Seeding initial development demo data (AC-19, AC-20, §23)...
2026-09-15T10:33:37.096+05:30  INFO 24604 --- [api-sentinel-backend] [           main] com.apisentinel.config.DataInitializer   : ==================================================================
2026-09-15T10:33:37.096+05:30  INFO 24604 --- [api-sentinel-backend] [           main] com.apisentinel.config.DataInitializer   : DEMO SEED DATA INITIALIZED:
2026-09-15T10:33:37.097+05:30  INFO 24604 --- [api-sentinel-backend] [           main] com.apisentinel.config.DataInitializer   : Demo User: demo@apisentinel.dev / password123
2026-09-15T10:33:37.097+05:30  INFO 24604 --- [api-sentinel-backend] [           main] com.apisentinel.config.DataInitializer   : Admin User: admin@apisentinel.dev / admin123
2026-09-15T10:33:37.097+05:30  INFO 24604 --- [api-sentinel-backend] [           main] com.apisentinel.config.DataInitializer   : Demo API Key: sen_live_demo_key_1234567890abcdef
2026-09-15T10:33:37.097+05:30  INFO 24604 --- [api-sentinel-backend] [           main] com.apisentinel.config.DataInitializer   : Seed API 1 (Echo): ID = 5451afe6-04a7-4bcb-a6fa-99e53f2ea314
2026-09-15T10:33:37.097+05:30  INFO 24604 --- [api-sentinel-backend] [           main] com.apisentinel.config.DataInitializer   : Seed API 2 (Flaky): ID = 87066549-9cc1-43b3-8163-b38608745bbf
2026-09-15T10:33:37.097+05:30  INFO 24604 --- [api-sentinel-backend] [           main] com.apisentinel.config.DataInitializer   : ==================================================================
2026-09-15T10:33:37.558+05:30  INFO 24604 --- [api-sentinel-backend] [           main] com.apisentinel.audit.AuditService       : AUDIT: [action=USER_REGISTERED] [resource=USER:9ce97247-ea5f-4e25-8519-a905d245aeca] [user=testuser_1789448617144@apisentinel.dev]
2026-09-15T10:33:37.900+05:30  INFO 24604 --- [api-sentinel-backend] [           main] com.apisentinel.audit.AuditService       : AUDIT: [action=LOGIN_SUCCESS] [resource=USER:9ce97247-ea5f-4e25-8519-a905d245aeca] [user=testuser_1789448617144@apisentinel.dev]
2026-09-15T10:33:38.000+05:30  INFO 24604 --- [api-sentinel-backend] [           main] com.apisentinel.audit.AuditService       : AUDIT: [action=LOGIN_FAILED] [resource=USER:9ce97247-ea5f-4e25-8519-a905d245aeca] [user=system]
2026-09-15T10:33:38.006+05:30  WARN 24604 --- [api-sentinel-backend] [           main] c.a.exception.GlobalExceptionHandler     : SentinelException [UNAUTHORIZED]: Invalid email or password (requestId: req-5e74f948)
]]></system-out>
  </testcase>
</testsuite>